build/app/outputs/mapping/release/mapping.txt
# compiler: R8
# compiler_version: 1.5.64
# min_api: 16
# pg_map_id: 052c9de
...
io.grpc.ForwardingClientCall -> c.b.z:
    void halfClose() -> a
    void request(int) -> a
    void sendMessage(java.lang.Object) -> a
    void start(io.grpc.ClientCall$Listener,io.grpc.Metadata) -> a
io.grpc.ForwardingClientCall$SimpleForwardingClientCall -> c.b.z$a:
    io.grpc.ClientCall delegate -> a
    void halfClose() -> a
    void request(int) -> a
    io.grpc.ClientCall delegate() -> b
io.grpc.ForwardingClientCallListener -> c.b.a0:
    void onClose(io.grpc.Status,io.grpc.Metadata) -> a
    void onHeaders(io.grpc.Metadata) -> a
    void onMessage(java.lang.Object) -> a
    void onReady() -> a
io.grpc.ForwardingClientCallListener$SimpleForwardingClientCallListener -> c.b.a0$a:
    io.grpc.ClientCall$Listener delegate -> a
    void onClose(io.grpc.Status,io.grpc.Metadata) -> a
    void onHeaders(io.grpc.Metadata) -> a
    void onReady() -> a
    io.grpc.ClientCall$Listener delegate() -> b
io.grpc.Grpc -> c.b.b0:
    io.grpc.Attributes$Key TRANSPORT_ATTR_REMOTE_ADDR -> a
    io.grpc.Attributes$Key TRANSPORT_ATTR_LOCAL_ADDR -> b
    io.grpc.Attributes$Key TRANSPORT_ATTR_SSL_SESSION -> c
io.grpc.HttpConnectProxiedSocketAddress -> c.b.c0:
    java.net.InetSocketAddress targetAddress -> c
    java.net.SocketAddress proxyAddress -> b
    java.lang.String password -> e
    java.lang.String username -> d
    java.lang.String getPassword() -> a
    java.net.SocketAddress getProxyAddress() -> b
    java.net.InetSocketAddress getTargetAddress() -> c
    java.lang.String getUsername() -> d
    io.grpc.HttpConnectProxiedSocketAddress$Builder newBuilder() -> e
io.grpc.HttpConnectProxiedSocketAddress$1 -> c.b.c0$a:
io.grpc.HttpConnectProxiedSocketAddress$Builder -> c.b.c0$b:
    java.net.SocketAddress proxyAddress -> a
    java.net.InetSocketAddress targetAddress -> b
    java.lang.String username -> c
    java.lang.String password -> d
    io.grpc.HttpConnectProxiedSocketAddress build() -> a
    io.grpc.HttpConnectProxiedSocketAddress$Builder setPassword(java.lang.String) -> a
    io.grpc.HttpConnectProxiedSocketAddress$Builder setProxyAddress(java.net.SocketAddress) -> a
    io.grpc.HttpConnectProxiedSocketAddress$Builder setTargetAddress(java.net.InetSocketAddress) -> a
    io.grpc.HttpConnectProxiedSocketAddress$Builder setUsername(java.lang.String) -> b
io.grpc.InternalChannelz -> c.b.d0:
    io.grpc.InternalChannelz INSTANCE -> e
    java.util.concurrent.ConcurrentNavigableMap rootChannels -> a
    java.util.logging.Logger log -> d
    java.util.concurrent.ConcurrentMap otherSockets -> c
    java.util.concurrent.ConcurrentMap subchannels -> b
    java.util.logging.Logger access$400() -> a
    void add(java.util.Map,io.grpc.InternalInstrumented) -> a
    void addClientSocket(io.grpc.InternalInstrumented) -> a
    long id(io.grpc.InternalWithLogId) -> a
    void addRootChannel(io.grpc.InternalInstrumented) -> b
    io.grpc.InternalChannelz instance() -> b
    void remove(java.util.Map,io.grpc.InternalInstrumented) -> b
    void addSubchannel(io.grpc.InternalInstrumented) -> c
    void removeClientSocket(io.grpc.InternalInstrumented) -> d
    void removeRootChannel(io.grpc.InternalInstrumented) -> e
    void removeSubchannel(io.grpc.InternalInstrumented) -> f
io.grpc.InternalChannelz$1 -> c.b.d0$a:
io.grpc.InternalChannelz$ChannelTrace$Event -> c.b.e0:
    io.grpc.InternalWithLogId channelRef -> d
    io.grpc.InternalChannelz$ChannelTrace$Event$Severity severity -> b
    java.lang.String description -> a
    long timestampNanos -> c
    io.grpc.InternalWithLogId subchannelRef -> e